emulator: Android virtual device file at: /Users/pierrecanthelou/.android/avd/Nexus_5X_API_28_x86.ini
emulator: virtual device content at /Users/pierrecanthelou/.android/avd/Nexus_5X_API_28_x86.avd
emulator: virtual device config file: /Users/pierrecanthelou/.android/avd/Nexus_5X_API_28_x86.avd/config.ini
emulator: using core hw config path: /Users/pierrecanthelou/.android/avd/Nexus_5X_API_28_x86.avd/hardware-qemu.ini
emulator: using snapshot lock path: /Users/pierrecanthelou/.android/avd/Nexus_5X_API_28_x86.avd/snapshot.lock
emulator: using multi-instance lock path: /Users/pierrecanthelou/.android/avd/Nexus_5X_API_28_x86.avd/multiinstance.lock
emulator: Found AVD target API level: 28
emulator: Read property file at /Users/pierrecanthelou/Library/Android/sdk/system-images/android-28/google_apis/x86//build.prop
emulator: No boot.prop property file found.
emulator: found skin 'nexus_5x' in directory: /Users/pierrecanthelou/Library/Android/sdk/skins/
emulator: autoconfig: -skin nexus_5x
emulator: autoconfig: -skindir /Users/pierrecanthelou/Library/Android/sdk/skins/
emulator: autoconfig: -kernel /Users/pierrecanthelou/Library/Android/sdk/system-images/android-28/google_apis/x86//kernel-ranchu-64
emulator: Target arch = 'x86'
emulator: Auto-config: -qemu -cpu qemu32
emulator: Auto-detect: Kernel image requires new device naming scheme.
emulator: Auto-detect: Kernel does not support YAFFS2 partitions.
emulator: autoconfig: -ramdisk /Users/pierrecanthelou/Library/Android/sdk/system-images/android-28/google_apis/x86//ramdisk.img
emulator: Using initial system image: /Users/pierrecanthelou/Library/Android/sdk/system-images/android-28/google_apis/x86//system.img
emulator: Using initial vendor image: /Users/pierrecanthelou/Library/Android/sdk/system-images/android-28/google_apis/x86//vendor.img
emulator: autoconfig: -data /Users/pierrecanthelou/.android/avd/Nexus_5X_API_28_x86.avd/userdata-qemu.img
emulator: autoconfig: -initdata /Users/pierrecanthelou/.android/avd/Nexus_5X_API_28_x86.avd/userdata.img
emulator: autoconfig: -cache /Users/pierrecanthelou/.android/avd/Nexus_5X_API_28_x86.avd/cache.img
emulator: autoconfig: -sdcard /Users/pierrecanthelou/.android/avd/Nexus_5X_API_28_x86.avd/sdcard.img
emulator: Physical RAM size: 1536MB

emulator: VM heap size 256MB is below hardware specified minimum of 384MB,setting it to that value
emulator: System image is read only
emulator: Found 2 DNS servers: 192.168.1.254 fd0f:ee:b0::1
emulator: trying to load skin file '/Users/pierrecanthelou/Library/Android/sdk/skins//nexus_5x/layout'
emulator: CPU Acceleration: working
emulator: CPU Acceleration status: HAXM version 7.3.2 (4) is installed and usable.
VERBOSE: AdbInterface.cpp:159: Found: 3 adb executables
VERBOSE: AdbInterface.cpp:161: Adb: /Users/pierrecanthelou/Library/Android/sdk/platform-tools/adb
VERBOSE: AdbInterface.cpp:161: Adb: /Users/pierrecanthelou/Library/Android/sdk/platform-tools/adb
VERBOSE: AdbInterface.cpp:161: Adb: /Users/pierrecanthelou/Library/Android/sdk/platform-tools/adb
VERBOSE: AdbInterface.cpp:180: Path:/Users/pierrecanthelou/Library/Android/sdk/platform-tools/adb protocol version: 40
VERBOSE: AdbInterface.cpp:180: Path:/Users/pierrecanthelou/Library/Android/sdk/platform-tools/adb protocol version: 40
VERBOSE: AdbInterface.cpp:180: Path:/Users/pierrecanthelou/Library/Android/sdk/platform-tools/adb protocol version: 40
VERBOSE: AdbHostServer.cpp:49: Send [000chost:version] to adb daemon.
VERBOSE: AdbHostServer.cpp:69: ReadResponse: [OKAY]
VERBOSE: AdbHostServer.cpp:69: ReadResponse: [0004]
VERBOSE: AdbHostServer.cpp:69: ReadResponse: [0028]
VERBOSE: AdbHostServer.cpp:115:  Server version: 40
emulator: found skin 'nexus_5x' in directory: /Users/pierrecanthelou/Library/Android/sdk/skins/
emulator: GPU emulation enabled using 'host' mode
emulator: Initializing hardware OpenGLES emulation support
emulator: Found 2 DNS servers: 192.168.1.254 fd0f:ee:b0::1
Content of hardware configuration file:
  hw.cpu.arch = x86
  hw.cpu.model = qemu32
  hw.cpu.ncore = 4
  hw.ramSize = 1536
  hw.screen = multi-touch
  hw.mainKeys = false
  hw.trackBall = false
  hw.keyboard = true
  hw.keyboard.lid = false
  hw.keyboard.charmap = qwerty2
  hw.dPad = false
  hw.rotaryInput = false
  hw.gsmModem = true
  hw.gps = true
  hw.battery = true
  hw.accelerometer = true
  hw.gyroscope = true
  hw.audioInput = true
  hw.audioOutput = true
  hw.sdCard = true
  hw.sdCard.path = /Users/pierrecanthelou/.android/avd/Nexus_5X_API_28_x86.avd/sdcard.img
  disk.cachePartition = true
  disk.cachePartition.path = /Users/pierrecanthelou/.android/avd/Nexus_5X_API_28_x86.avd/cache.img
  disk.cachePartition.size = 66m
  test.quitAfterBootTimeOut = -1
  hw.lcd.width = 1080
  hw.lcd.height = 1920
  hw.lcd.depth = 16
  hw.lcd.density = 420
  hw.lcd.backlight = true
  hw.gpu.enabled = true
  hw.gpu.mode = host
  hw.initialOrientation = portrait
  hw.camera.back = emulated
  hw.camera.front = emulated
  vm.heapSize = 384
  hw.sensors.light = true
  hw.sensors.pressure = true
  hw.sensors.humidity = true
  hw.sensors.proximity = true
  hw.sensors.magnetic_field = true
  hw.sensors.magnetic_field_uncalibrated = true
  hw.sensors.gyroscope_uncalibrated = true
  hw.sensors.orientation = true
  hw.sensors.temperature = true
  hw.useext4 = true
  hw.arc = false
  hw.arc.autologin = false
  kernel.path = /Users/pierrecanthelou/Library/Android/sdk/system-images/android-28/google_apis/x86//kernel-ranchu-64
  kernel.newDeviceNaming = yes
  kernel.supportsYaffs2 = no
  disk.ramdisk.path = /Users/pierrecanthelou/Library/Android/sdk/system-images/android-28/google_apis/x86//ramdisk.img
  disk.systemPartition.initPath = /Users/pierrecanthelou/Library/Android/sdk/system-images/android-28/google_apis/x86//system.img
  disk.systemPartition.size = 2562m
  disk.vendorPartition.initPath = /Users/pierrecanthelou/Library/Android/sdk/system-images/android-28/google_apis/x86//vendor.img
  disk.vendorPartition.size = 800m
  disk.dataPartition.path = /Users/pierrecanthelou/.android/avd/Nexus_5X_API_28_x86.avd/userdata-qemu.img
  disk.dataPartition.size = 800m
  disk.encryptionKeyPartition.path = /Users/pierrecanthelou/.android/avd/Nexus_5X_API_28_x86.avd/encryptionkey.img
  PlayStore.enabled = false
  avd.name = Nexus_5X_API_28_x86
  fastboot.forceColdBoot = false
.
QEMU options list:
emulator: argv[00] = "/Users/pierrecanthelou/Library/Android/sdk/emulator/qemu/darwin-x86_64/qemu-system-x86_64"
emulator: argv[01] = "-dns-server"
emulator: argv[02] = "192.168.1.254,fd0f:ee:b0::1"
emulator: argv[03] = "-no-audio"
emulator: argv[04] = "-mem-path"
emulator: argv[05] = "/Users/pierrecanthelou/.android/avd/Nexus_5X_API_28_x86.avd/snapshots/default_boot/ram.img"
emulator: argv[06] = "-mem-file-shared"
emulator: argv[07] = "-serial"
emulator: argv[08] = "null"
emulator: argv[09] = "-device"
emulator: argv[10] = "goldfish_pstore,addr=0xff018000,size=0x10000,file=/Users/pierrecanthelou/.android/avd/Nexus_5X_API_28_x86.avd/data/misc/pstore/pstore.bin"
emulator: argv[11] = "-cpu"
emulator: argv[12] = "android64"
emulator: argv[13] = "-enable-hvf"
emulator: argv[14] = "-smp"
emulator: argv[15] = "cores=4"
emulator: argv[16] = "-m"
emulator: argv[17] = "1536"
emulator: argv[18] = "-lcd-density"
emulator: argv[19] = "420"
emulator: argv[20] = "-nodefaults"
emulator: argv[21] = "-kernel"
emulator: argv[22] = "/Users/pierrecanthelou/Library/Android/sdk/system-images/android-28/google_apis/x86//kernel-ranchu-64"
emulator: argv[23] = "-initrd"
emulator: argv[24] = "/Users/pierrecanthelou/Library/Android/sdk/system-images/android-28/google_apis/x86//ramdisk.img"
emulator: argv[25] = "-drive"
emulator: argv[26] = "if=none,index=0,id=system,file=/Users/pierrecanthelou/Library/Android/sdk/system-images/android-28/google_apis/x86//system.img,read-only"
emulator: argv[27] = "-device"
emulator: argv[28] = "virtio-blk-pci,drive=system,modern-pio-notify"
emulator: argv[29] = "-drive"
emulator: argv[30] = "if=none,index=1,id=cache,file=/Users/pierrecanthelou/.android/avd/Nexus_5X_API_28_x86.avd/cache.img.qcow2,overlap-check=none,cache=unsafe,l2-cache-size=1048576"
emulator: argv[31] = "-device"
emulator: argv[32] = "virtio-blk-pci,drive=cache,modern-pio-notify"
emulator: argv[33] = "-drive"
emulator: argv[34] = "if=none,index=2,id=userdata,file=/Users/pierrecanthelou/.android/avd/Nexus_5X_API_28_x86.avd/userdata-qemu.img.qcow2,overlap-check=none,cache=unsafe,l2-cache-size=1048576"
emulator: argv[35] = "-device"
emulator: argv[36] = "virtio-blk-pci,drive=userdata,modern-pio-notify"
emulator: argv[37] = "-drive"
emulator: argv[38] = "if=none,index=3,id=encrypt,file=/Users/pierrecanthelou/.android/avd/Nexus_5X_API_28_x86.avd/encryptionkey.img.qcow2,overlap-check=none,cache=unsafe,l2-cache-size=1048576"
emulator: argv[39] = "-device"
emulator: argv[40] = "virtio-blk-pci,drive=encrypt,modern-pio-notify"
emulator: argv[41] = "-drive"
emulator: argv[42] = "if=none,index=4,id=vendor,file=/Users/pierrecanthelou/Library/Android/sdk/system-images/android-28/google_apis/x86//vendor.img,read-only"
emulator: argv[43] = "-device"
emulator: argv[44] = "virtio-blk-pci,drive=vendor,modern-pio-notify"
emulator: argv[45] = "-drive"
emulator: argv[46] = "if=none,index=5,id=sdcard,file=/Users/pierrecanthelou/.android/avd/Nexus_5X_API_28_x86.avd/sdcard.img.qcow2,overlap-check=none,cache=unsafe,l2-cache-size=1048576"
emulator: argv[47] = "-device"
emulator: argv[48] = "virtio-blk-pci,drive=sdcard,modern-pio-notify"
emulator: argv[49] = "-netdev"
emulator: argv[50] = "user,id=mynet"
emulator: argv[51] = "-device"
emulator: argv[52] = "virtio-net-pci,netdev=mynet"
emulator: argv[53] = "-device"
emulator: argv[54] = "virtio-rng-pci"
emulator: argv[55] = "-show-cursor"
emulator: argv[56] = "-L"
emulator: argv[57] = "/Users/pierrecanthelou/Library/Android/sdk/emulator/lib/pc-bios"
emulator: argv[58] = "-soundhw"
emulator: argv[59] = "hda"
emulator: argv[60] = "-vga"
emulator: argv[61] = "none"
emulator: argv[62] = "-append"
emulator: argv[63] = "qemu=1 no_timer_check androidboot.hardware=ranchu androidboot.serialno=EMULATOR28X0X25X0 clocksource=pit no-kvmclock android.qemud=1 console=0 android.checkjni=1 qemu.gles=1 qemu.encrypt=1 qemu.opengles.version=196608 qemu.uirenderer=skiagl cma=288M@0-4G ndns=2 qemu.wifi=1 mac80211_hwsim.channels=2 androidboot.android_dt_dir=/sys/bus/platform/devices/ANDR0001:00/properties/android/ skip_initramfs rootwait ro init=/init loop.max_part=7 dm="1 vroot none ro 1,0 5159992 verity 1 PARTUUID=79C63A0E-0C1B-4EFA-B140-ACC750125C4C PARTUUID=79C63A0E-0C1B-4EFA-B140-ACC750125C4C 4096 4096 644999 644999 sha1 07ed6548cdb185b90d216a9a509ef37146bc908e 12af25bd70dccf1891b5e51eac7fa7d5dad65626 1 ignore_zero_blocks" androidboot.veritymode=enforcing androidboot.verifiedbootstate=orange root=/dev/dm-0 ramoops.mem_address=0xff018000 ramoops.mem_size=0x10000 memmap=0x10000$0xff018000 qemu.dalvik.vm.heapsize=384m"
emulator: argv[64] = "-android-hw"
emulator: argv[65] = "/Users/pierrecanthelou/.android/avd/Nexus_5X_API_28_x86.avd/hardware-qemu.ini"
Concatenated QEMU options:
 /Users/pierrecanthelou/Library/Android/sdk/emulator/qemu/darwin-x86_64/qemu-system-x86_64 -dns-server 192.168.1.254,fd0f:ee:b0::1 -no-audio -mem-path /Users/pierrecanthelou/.android/avd/Nexus_5X_API_28_x86.avd/snapshots/default_boot/ram.img -mem-file-shared -serial null -device goldfish_pstore,addr=0xff018000,size=0x10000,file=/Users/pierrecanthelou/.android/avd/Nexus_5X_API_28_x86.avd/data/misc/pstore/pstore.bin -cpu android64 -enable-hvf -smp cores=4 -m 1536 -lcd-density 420 -nodefaults -kernel /Users/pierrecanthelou/Library/Android/sdk/system-images/android-28/google_apis/x86//kernel-ranchu-64 -initrd /Users/pierrecanthelou/Library/Android/sdk/system-images/android-28/google_apis/x86//ramdisk.img -drive if=none,index=0,id=system,file=/Users/pierrecanthelou/Library/Android/sdk/system-images/android-28/google_apis/x86//system.img,read-only -device virtio-blk-pci,drive=system,modern-pio-notify -drive if=none,index=1,id=cache,file=/Users/pierrecanthelou/.android/avd/Nexus_5X_API_28_x86.avd/cache.img.qcow2,overlap-check=none,cache=unsafe,l2-cache-size=1048576 -device virtio-blk-pci,drive=cache,modern-pio-notify -drive if=none,index=2,id=userdata,file=/Users/pierrecanthelou/.android/avd/Nexus_5X_API_28_x86.avd/userdata-qemu.img.qcow2,overlap-check=none,cache=unsafe,l2-cache-size=1048576 -device virtio-blk-pci,drive=userdata,modern-pio-notify -drive if=none,index=3,id=encrypt,file=/Users/pierrecanthelou/.android/avd/Nexus_5X_API_28_x86.avd/encryptionkey.img.qcow2,overlap-check=none,cache=unsafe,l2-cache-size=1048576 -device virtio-blk-pci,drive=encrypt,modern-pio-notify -drive if=none,index=4,id=vendor,file=/Users/pierrecanthelou/Library/Android/sdk/system-images/android-28/google_apis/x86//vendor.img,read-only -device virtio-blk-pci,drive=vendor,modern-pio-notify -drive if=none,index=5,id=sdcard,file=/Users/pierrecanthelou/.android/avd/Nexus_5X_API_28_x86.avd/sdcard.img.qcow2,overlap-check=none,cache=unsafe,l2-cache-size=1048576 -device virtio-blk-pci,drive=sdcard,modern-pio-notify -netdev user,id=mynet -device virtio-net-pci,netdev=mynet -device virtio-rng-pci -show-cursor -L /Users/pierrecanthelou/Library/Android/sdk/emulator/lib/pc-bios -soundhw hda -vga none -append 'qemu=1 no_timer_check androidboot.hardware=ranchu androidboot.serialno=EMULATOR28X0X25X0 clocksource=pit no-kvmclock android.qemud=1 console=0 android.checkjni=1 qemu.gles=1 qemu.encrypt=1 qemu.opengles.version=196608 qemu.uirenderer=skiagl cma=288M@0-4G ndns=2 qemu.wifi=1 mac80211_hwsim.channels=2 androidboot.android_dt_dir=/sys/bus/platform/devices/ANDR0001:00/properties/android/ skip_initramfs rootwait ro init=/init loop.max_part=7 dm="1 vroot none ro 1,0 5159992 verity 1 PARTUUID=79C63A0E-0C1B-4EFA-B140-ACC750125C4C PARTUUID=79C63A0E-0C1B-4EFA-B140-ACC750125C4C 4096 4096 644999 644999 sha1 07ed6548cdb185b90d216a9a509ef37146bc908e 12af25bd70dccf1891b5e51eac7fa7d5dad65626 1 ignore_zero_blocks" androidboot.veritymode=enforcing androidboot.verifiedbootstate=orange root=/dev/dm-0 ramoops.mem_address=0xff018000 ramoops.mem_size=0x10000 memmap=0x10000$0xff018000 qemu.dalvik.vm.heapsize=384m' -android-hw /Users/pierrecanthelou/.android/avd/Nexus_5X_API_28_x86.avd/hardware-qemu.ini
emulator: Android qemu version 28.0.25.0 (build_id 5395263) (CL:77b96786ddf712e1477c6e05cddb09526043faef)

emulator: Starting QEMU main loop
emulator: registered 'boot-properties' qemud service
emulator: Adding boot property: 'ro.opengles.version' = '196608'
emulator: Adding boot property: 'qemu.sf.fake_camera' = 'both'
emulator: Adding boot property: 'dalvik.vm.heapsize' = '384m'
emulator: Adding boot property: 'qemu.hw.mainkeys' = '0'
emulator: Adding boot property: 'qemu.sf.lcd_density' = '420'
emulator: goldfish_events.have-dpad: false
emulator: goldfish_events.have-trackball: false
emulator: goldfish_events.have-camera: true
emulator: goldfish_events.have-keyboard: true
emulator: goldfish_events.have-lidswitch: false
emulator: goldfish_events.have-tabletmode: false
emulator: goldfish_events.have-touch: false
emulator: goldfish_events.have-multitouch: true
emulator: control console listening on port 5554, ADB on port 5555
VERBOSE: AdbHostServer.cpp:49: Send [0012host:emulator:5555] to adb daemon.
Not using any http proxy
emulator: Adding boot property: 'qemu.timezone' = 'Europe/Paris'
emulator: android_hw_fingerprint_init: fingerprint qemud listen service initialized

emulator: No acpi ini file provided, using default

emulator: OpenGL Vendor=[Google (Intel Inc.)]
emulator: OpenGL Renderer=[Android Emulator OpenGL ES Translator (Intel(R) Iris(TM) Plus Graphics 655)]
emulator: OpenGL Version=[OpenGL ES 2.0 (4.1 INTEL-12.9.22)]
emulator: Adding boot property: 'ro.opengles.version' = '196608'
emulator: Adding boot property: 'qemu.sf.fake_camera' = 'both'
emulator: Adding boot property: 'dalvik.vm.heapsize' = '384m'
emulator: Adding boot property: 'qemu.hw.mainkeys' = '0'
emulator: Adding boot property: 'qemu.sf.lcd_density' = '420'
emulator: Adding boot property: 'qemu.timezone' = 'Europe/Paris'
emulator: found skin 'nexus_5x' in directory: /Users/pierrecanthelou/Library/Android/sdk/skins/
emulator: found skin 'nexus_5x' in directory: /Users/pierrecanthelou/Library/Android/sdk/skins/
emulator: _hwFingerprint_connect: connect finger print listen is called

emulator: OpenGL Vendor=[Google (Intel Inc.)]
emulator: OpenGL Renderer=[Android Emulator OpenGL ES Translator (Intel(R) Iris(TM) Plus Graphics 655)]
emulator: OpenGL Version=[OpenGL ES 3.0 (4.1 INTEL-12.9.22)]
emulator: found skin 'nexus_5x' in directory: /Users/pierrecanthelou/Library/Android/sdk/skins/
VERBOSE: AdbHostServer.cpp:49: Send [0012host:emulator:5555] to adb daemon.
emulator: found skin 'nexus_5x' in directory: /Users/pierrecanthelou/Library/Android/sdk/skins/
emulator: onGuestClose: [0x7f83a7fe5040] Adb closed by guest
VERBOSE: AdbHostServer.cpp:49: Send [0012host:emulator:5555] to adb daemon.
emulator: found skin 'nexus_5x' in directory: /Users/pierrecanthelou/Library/Android/sdk/skins/
emulator: found skin 'nexus_5x' in directory: /Users/pierrecanthelou/Library/Android/sdk/skins/
emulator: onGuestSendCommand: [0x7f83ad04b110] Adb connected, start proxing data
VERBOSE: AdbHostServer.cpp:49: Send [0012host:emulator:5555] to adb daemon.
emulator: found skin 'nexus_5x' in directory: /Users/pierrecanthelou/Library/Android/sdk/skins/
emulator: found skin 'nexus_5x' in directory: /Users/pierrecanthelou/Library/Android/sdk/skins/
emulator: found skin 'nexus_5x' in directory: /Users/pierrecanthelou/Library/Android/sdk/skins/
emulator: found skin 'nexus_5x' in directory: /Users/pierrecanthelou/Library/Android/sdk/skins/
emulator: found skin 'nexus_5x' in directory: /Users/pierrecanthelou/Library/Android/sdk/skins/
emulator: found skin 'nexus_5x' in directory: /Users/pierrecanthelou/Library/Android/sdk/skins/
emulator: found skin 'nexus_5x' in directory: /Users/pierrecanthelou/Library/Android/sdk/skins/
emulator: found skin 'nexus_5x' in directory: /Users/pierrecanthelou/Library/Android/sdk/skins/
emulator: found skin 'nexus_5x' in directory: /Users/pierrecanthelou/Library/Android/sdk/skins/
emulator: found skin 'nexus_5x' in directory: /Users/pierrecanthelou/Library/Android/sdk/skins/
emulator: onGuestRecvData: [0x7f83ad04b110] Adb closed by host
emulator: onGuestClose: [0x7f83ad04b110] Adb closed by guest
emulator: Saving state on exit with session uptime 2905329 ms
emulator: OpenGL Vendor=[Google (Intel Inc.)]
emulator: OpenGL Renderer=[Android Emulator OpenGL ES Translator (Intel(R) Iris(TM) Plus Graphics 655)]
emulator: OpenGL Version=[OpenGL ES 3.0 (4.1 INTEL-12.9.22)]
emulator: Done with QEMU main loop
emulator: User-config was not changed.
